<?xml version="1.0" encoding="UTF-8"?>
<!-- Generated by org.testng.reporters.JUnitReportReporter -->
<testsuite hostname="DESKTOP-7SELM80" failures="0" tests="1" name="website.ContactTest" time="6.553" errors="0" timestamp="2025-06-03T12:32:15 IST" skipped="0">
  <testcase classname="website.ContactTest" name="contactUs" time="6.553"/>
</testsuite> <!-- website.ContactTest -->
