<?xml version="1.0" encoding="UTF-8"?>
<!-- Generated by org.testng.reporters.JUnitReportReporter -->
<testsuite hostname="DESKTOP-7SELM80" failures="0" tests="3" name="ledsak.AllLeadTest" time="106.944" errors="0" timestamp="2025-07-08T13:09:17 IST" skipped="0">
  <testcase classname="ledsak.AllLeadTest" name="filterSelect" time="19.679"/>
  <testcase classname="ledsak.AllLeadTest" name="dateFilter" time="20.387"/>
  <testcase classname="ledsak.AllLeadTest" name="newLead" time="66.878"/>
</testsuite> <!-- ledsak.AllLeadTest -->
