<?xml version="1.0" encoding="UTF-8"?>
<!-- Generated by org.testng.reporters.JUnitReportReporter -->
<testsuite hostname="DESKTOP-7SELM80" failures="0" tests="8" name="ledsak.SidebarTest" time="17.218" errors="0" timestamp="2025-06-05T15:34:32 IST" skipped="0">
  <testcase classname="ledsak.SidebarTest" name="leadManagement" time="4.510"/>
  <testcase classname="ledsak.SidebarTest" name="dealManagement" time="1.747"/>
  <testcase classname="ledsak.SidebarTest" name="opportunities" time="0.086"/>
  <testcase classname="ledsak.SidebarTest" name="automation" time="0.098"/>
  <testcase classname="ledsak.SidebarTest" name="integrations" time="1.263"/>
  <testcase classname="ledsak.SidebarTest" name="report" time="2.203"/>
  <testcase classname="ledsak.SidebarTest" name="staffManagement" time="4.470"/>
  <testcase classname="ledsak.SidebarTest" name="settings" time="2.841"/>
</testsuite> <!-- ledsak.SidebarTest -->
