<?xml version="1.0" encoding="UTF-8"?>
<!-- Generated by org.testng.reporters.JUnitReportReporter -->
<testsuite hostname="DESKTOP-7SELM80" failures="0" tests="1" name="ledsak.RoleSetupTest" time="38.822" errors="0" timestamp="2025-07-08T13:09:17 IST" skipped="0">
  <testcase classname="ledsak.RoleSetupTest" name="createStaff" time="38.822"/>
</testsuite> <!-- ledsak.RoleSetupTest -->
