<?xml version="1.0" encoding="UTF-8"?>
<!-- Generated by org.testng.reporters.JUnitReportReporter -->
<testsuite hostname="DESKTOP-7SELM80" failures="0" tests="1" name="ledsak.LeadSetupTest" time="63.296" errors="0" timestamp="2025-06-03T12:32:15 IST" skipped="0">
  <testcase classname="ledsak.LeadSetupTest" name="leadset" time="63.296"/>
</testsuite> <!-- ledsak.LeadSetupTest -->
