<?xml version="1.0" encoding="UTF-8"?>
<!-- Generated by org.testng.reporters.JUnitReportReporter -->
<testsuite hostname="DESKTOP-7SELM80" failures="0" tests="5" name="ledsak.DashboardTest" time="42.106" errors="0" timestamp="2025-07-08T13:09:17 IST" skipped="0">
  <testcase classname="ledsak.DashboardTest" name="notification" time="33.737"/>
  <testcase classname="ledsak.DashboardTest" name="followUpCard" time="1.449"/>
  <testcase classname="ledsak.DashboardTest" name="dashboardCard" time="0.803"/>
  <testcase classname="ledsak.DashboardTest" name="overdueTaskCard" time="1.172"/>
  <testcase classname="ledsak.DashboardTest" name="SwithcBranchList" time="4.945"/>
</testsuite> <!-- ledsak.DashboardTest -->
