<?xml version="1.0" encoding="UTF-8"?>
<!-- Generated by org.testng.reporters.JUnitReportReporter -->
<testsuite hostname="DESKTOP-7SELM80" failures="0" tests="3" name="ledsak.AllLeadTest" time="78.161" errors="0" timestamp="2025-06-03T12:32:15 IST" skipped="0">
  <testcase classname="ledsak.AllLeadTest" name="filterSelect" time="17.590"/>
  <testcase classname="ledsak.AllLeadTest" name="dateFilter" time="28.300"/>
  <testcase classname="ledsak.AllLeadTest" name="newLead" time="32.271"/>
</testsuite> <!-- ledsak.AllLeadTest -->
