<?xml version="1.0" encoding="UTF-8"?>
<!-- Generated by org.testng.reporters.JUnitReportReporter -->
<testsuite hostname="DESKTOP-7SELM80" failures="0" tests="1" name="ledsak.RoleSetupTest" time="36.850" errors="0" timestamp="2025-06-04T10:40:01 IST" skipped="0">
  <testcase classname="ledsak.RoleSetupTest" name="createStaff" time="36.850"/>
</testsuite> <!-- ledsak.RoleSetupTest -->
