<?xml version="1.0" encoding="UTF-8"?>
<!-- Generated by org.testng.reporters.JUnitReportReporter -->
<testsuite hostname="DESKTOP-7SELM80" failures="0" tests="3" name="website.HomeTest" time="11.846" errors="0" timestamp="2025-06-03T12:32:15 IST" skipped="0">
  <testcase classname="website.HomeTest" name="headerContent" time="3.284"/>
  <testcase classname="website.HomeTest" name="title" time="4.764"/>
  <testcase classname="website.HomeTest" name="contactOur" time="3.798"/>
</testsuite> <!-- website.HomeTest -->
