<?xml version="1.0" encoding="UTF-8"?>
<!-- Generated by org.testng.reporters.JUnitReportReporter -->
<testsuite hostname="DESKTOP-7SELM80" failures="0" tests="1" name="ledsak.CreatestaffTest" time="22.441" errors="0" timestamp="2025-07-08T11:13:55 IST" skipped="0">
  <testcase classname="ledsak.CreatestaffTest" name="createStaff" time="22.441"/>
</testsuite> <!-- ledsak.CreatestaffTest -->
