<?xml version="1.0" encoding="UTF-8"?>
<!-- Generated by org.testng.reporters.JUnitReportReporter -->
<testsuite hostname="DESKTOP-7SELM80" failures="0" tests="1" name="ledsak.RoleSetupTest" time="36.327" errors="0" timestamp="2025-07-08T11:13:55 IST" skipped="0">
  <testcase classname="ledsak.RoleSetupTest" name="createStaff" time="36.327"/>
</testsuite> <!-- ledsak.RoleSetupTest -->
