<?xml version="1.0" encoding="UTF-8"?>
<!-- Generated by org.testng.reporters.JUnitReportReporter -->
<testsuite hostname="DESKTOP-7SELM80" failures="0" tests="1" name="ledsak.CustomizepageTest" time="20.287" errors="0" timestamp="2025-06-03T12:32:15 IST" skipped="0">
  <testcase classname="ledsak.CustomizepageTest" name="CheckAttribut" time="20.287"/>
</testsuite> <!-- ledsak.CustomizepageTest -->
