<?xml version="1.0" encoding="UTF-8"?>
<!-- Generated by org.testng.reporters.JUnitReportReporter -->
<testsuite hostname="DESKTOP-7SELM80" failures="0" tests="1" name="website.ContactTest" time="8.785" errors="0" timestamp="2025-07-16T17:54:37 IST" skipped="0">
  <testcase classname="website.ContactTest" name="contactUs" time="8.785"/>
</testsuite> <!-- website.ContactTest -->
