<?xml version="1.0" encoding="UTF-8"?>
<!-- Generated by org.testng.reporters.JUnitReportReporter -->
<testsuite hostname="DESKTOP-7SELM80" failures="0" tests="1" name="ledsak.LeadCreateTest" time="26.124" errors="0" timestamp="2025-06-04T10:40:01 IST" skipped="0">
  <testcase classname="ledsak.LeadCreateTest" name="createLead" time="26.124"/>
</testsuite> <!-- ledsak.LeadCreateTest -->
