<?xml version="1.0" encoding="UTF-8"?>
<!-- Generated by org.testng.reporters.JUnitReportReporter -->
<testsuite hostname="DESKTOP-7SELM80" failures="0" tests="3" name="website.HomeTest" time="17.307" errors="0" timestamp="2025-07-08T11:13:55 IST" skipped="0">
  <testcase classname="website.HomeTest" name="headerContent" time="5.047"/>
  <testcase classname="website.HomeTest" name="title" time="5.570"/>
  <testcase classname="website.HomeTest" name="contactOur" time="6.690"/>
</testsuite> <!-- website.HomeTest -->
