<?xml version="1.0" encoding="UTF-8"?>
<!-- Generated by org.testng.reporters.JUnitReportReporter -->
<testsuite hostname="DESKTOP-7SELM80" failures="0" tests="1" name="ledsak.DatefilterTest" time="22.387" errors="0" timestamp="2025-06-04T10:40:01 IST" skipped="0">
  <testcase classname="ledsak.DatefilterTest" name="dateFilterCheck" time="22.387"/>
</testsuite> <!-- ledsak.DatefilterTest -->
