<?xml version="1.0" encoding="UTF-8"?>
<!-- Generated by org.testng.reporters.JUnitReportReporter -->
<testsuite hostname="DESKTOP-7SELM80" failures="0" tests="8" name="ledsak.SidebarTest" time="23.091" errors="0" timestamp="2025-07-16T17:54:37 IST" skipped="0">
  <testcase classname="ledsak.SidebarTest" name="leadManagement" time="6.890"/>
  <testcase classname="ledsak.SidebarTest" name="dealManagement" time="2.466"/>
  <testcase classname="ledsak.SidebarTest" name="opportunities" time="0.086"/>
  <testcase classname="ledsak.SidebarTest" name="automation" time="0.223"/>
  <testcase classname="ledsak.SidebarTest" name="integrations" time="0.973"/>
  <testcase classname="ledsak.SidebarTest" name="report" time="2.790"/>
  <testcase classname="ledsak.SidebarTest" name="staffManagement" time="5.812"/>
  <testcase classname="ledsak.SidebarTest" name="settings" time="3.851"/>
</testsuite> <!-- ledsak.SidebarTest -->
