<?xml version="1.0" encoding="UTF-8"?>
<!-- Generated by org.testng.reporters.JUnitReportReporter -->
<testsuite hostname="DESKTOP-7SELM80" failures="0" tests="3" name="website.HomeTest" time="15.381" errors="0" timestamp="2025-07-16T17:54:37 IST" skipped="0">
  <testcase classname="website.HomeTest" name="headerContent" time="4.384"/>
  <testcase classname="website.HomeTest" name="title" time="5.435"/>
  <testcase classname="website.HomeTest" name="contactOur" time="5.562"/>
</testsuite> <!-- website.HomeTest -->
