<?xml version="1.0" encoding="UTF-8"?>
<!-- Generated by org.testng.reporters.JUnitReportReporter -->
<testsuite hostname="DESKTOP-7SELM80" failures="0" tests="5" name="ledsak.DashboardTest" time="43.487" errors="0" timestamp="2025-07-08T11:13:55 IST" skipped="0">
  <testcase classname="ledsak.DashboardTest" name="notification" time="33.637"/>
  <testcase classname="ledsak.DashboardTest" name="followUpCard" time="1.712"/>
  <testcase classname="ledsak.DashboardTest" name="dashboardCard" time="1.187"/>
  <testcase classname="ledsak.DashboardTest" name="overdueTaskCard" time="1.634"/>
  <testcase classname="ledsak.DashboardTest" name="SwithcBranchList" time="5.317"/>
</testsuite> <!-- ledsak.DashboardTest -->
