<?xml version="1.0" encoding="UTF-8"?>
<!-- Generated by org.testng.reporters.JUnitReportReporter -->
<testsuite hostname="DESKTOP-7SELM80" failures="0" tests="1" name="ledsak.LeadSetupTest" time="69.903" errors="0" timestamp="2025-06-05T11:29:00 IST" skipped="0">
  <testcase classname="ledsak.LeadSetupTest" name="leadset" time="69.903"/>
</testsuite> <!-- ledsak.LeadSetupTest -->
