<?xml version="1.0" encoding="UTF-8"?>
<!-- Generated by org.testng.reporters.JUnitReportReporter -->
<testsuite hostname="DESKTOP-7SELM80" failures="0" tests="1" name="ledsak.CreatestaffTest" time="24.347" errors="0" timestamp="2025-07-16T17:54:37 IST" skipped="0">
  <testcase classname="ledsak.CreatestaffTest" name="createStaff" time="24.347"/>
</testsuite> <!-- ledsak.CreatestaffTest -->
