<?xml version="1.0" encoding="UTF-8"?>
<!-- Generated by org.testng.reporters.JUnitReportReporter -->
<testsuite hostname="DESKTOP-7SELM80" failures="0" tests="3" name="ledsak.AllLeadTest" time="92.681" errors="0" timestamp="2025-06-04T10:40:01 IST" skipped="0">
  <testcase classname="ledsak.AllLeadTest" name="filterSelect" time="31.685"/>
  <testcase classname="ledsak.AllLeadTest" name="dateFilter" time="25.482"/>
  <testcase classname="ledsak.AllLeadTest" name="newLead" time="35.514"/>
</testsuite> <!-- ledsak.AllLeadTest -->
