<?xml version="1.0" encoding="UTF-8"?>
<!-- Generated by org.testng.reporters.JUnitReportReporter -->
<testsuite hostname="DESKTOP-7SELM80" failures="0" tests="8" name="ledsak.SidebarTest" time="17.272" errors="0" timestamp="2025-06-03T12:32:15 IST" skipped="0">
  <testcase classname="ledsak.SidebarTest" name="leadManagement" time="4.719"/>
  <testcase classname="ledsak.SidebarTest" name="dealManagement" time="2.125"/>
  <testcase classname="ledsak.SidebarTest" name="opportunities" time="0.084"/>
  <testcase classname="ledsak.SidebarTest" name="automation" time="0.153"/>
  <testcase classname="ledsak.SidebarTest" name="integrations" time="1.542"/>
  <testcase classname="ledsak.SidebarTest" name="report" time="1.504"/>
  <testcase classname="ledsak.SidebarTest" name="staffManagement" time="4.263"/>
  <testcase classname="ledsak.SidebarTest" name="settings" time="2.882"/>
</testsuite> <!-- ledsak.SidebarTest -->
