<?xml version="1.0" encoding="UTF-8"?>
<!-- Generated by org.testng.reporters.JUnitReportReporter -->
<testsuite hostname="DESKTOP-7SELM80" failures="0" tests="8" name="ledsak.SidebarTest" time="23.328" errors="0" timestamp="2025-06-04T10:40:01 IST" skipped="0">
  <testcase classname="ledsak.SidebarTest" name="leadManagement" time="6.242"/>
  <testcase classname="ledsak.SidebarTest" name="dealManagement" time="2.825"/>
  <testcase classname="ledsak.SidebarTest" name="opportunities" time="0.072"/>
  <testcase classname="ledsak.SidebarTest" name="automation" time="0.069"/>
  <testcase classname="ledsak.SidebarTest" name="integrations" time="0.953"/>
  <testcase classname="ledsak.SidebarTest" name="report" time="3.019"/>
  <testcase classname="ledsak.SidebarTest" name="staffManagement" time="6.448"/>
  <testcase classname="ledsak.SidebarTest" name="settings" time="3.700"/>
</testsuite> <!-- ledsak.SidebarTest -->
