<?xml version="1.0" encoding="UTF-8"?>
<!-- Generated by org.testng.reporters.JUnitReportReporter -->
<testsuite hostname="DESKTOP-7SELM80" failures="0" tests="5" name="ledsak.DashboardTest" time="42.684" errors="0" timestamp="2025-07-16T17:54:37 IST" skipped="0">
  <testcase classname="ledsak.DashboardTest" name="notification" time="33.802"/>
  <testcase classname="ledsak.DashboardTest" name="followUpCard" time="1.664"/>
  <testcase classname="ledsak.DashboardTest" name="dashboardCard" time="1.136"/>
  <testcase classname="ledsak.DashboardTest" name="overdueTaskCard" time="1.143"/>
  <testcase classname="ledsak.DashboardTest" name="SwithcBranchList" time="4.939"/>
</testsuite> <!-- ledsak.DashboardTest -->
