<?xml version="1.0" encoding="UTF-8"?>
<!-- Generated by org.testng.reporters.JUnitReportReporter -->
<testsuite hostname="DESKTOP-7SELM80" failures="0" tests="5" name="ledsak.DashboardTest" time="50.852" errors="0" timestamp="2025-06-04T10:40:01 IST" skipped="0">
  <testcase classname="ledsak.DashboardTest" name="notification" time="33.701"/>
  <testcase classname="ledsak.DashboardTest" name="followUpCard" time="3.845"/>
  <testcase classname="ledsak.DashboardTest" name="dashboardCard" time="1.660"/>
  <testcase classname="ledsak.DashboardTest" name="overdueTaskCard" time="5.056"/>
  <testcase classname="ledsak.DashboardTest" name="SwithcBranchList" time="6.590"/>
</testsuite> <!-- ledsak.DashboardTest -->
