<?xml version="1.0" encoding="UTF-8"?>
<!-- Generated by org.testng.reporters.JUnitReportReporter -->
<testsuite hostname="DESKTOP-7SELM80" failures="0" tests="1" name="website.PricingTest" time="8.136" errors="0" timestamp="2025-06-04T10:40:01 IST" skipped="0">
  <testcase classname="website.PricingTest" name="priceBanner" time="8.136"/>
</testsuite> <!-- website.PricingTest -->
