<?xml version="1.0" encoding="UTF-8"?>
<!-- Generated by org.testng.reporters.JUnitReportReporter -->
<testsuite hostname="DESKTOP-7SELM80" failures="0" tests="1" name="ledsak.CustomizepageTest" time="23.384" errors="0" timestamp="2025-06-04T10:40:01 IST" skipped="0">
  <testcase classname="ledsak.CustomizepageTest" name="CheckAttribut" time="23.384"/>
</testsuite> <!-- ledsak.CustomizepageTest -->
