<?xml version="1.0" encoding="UTF-8"?>
<!-- Generated by org.testng.reporters.JUnitReportReporter -->
<testsuite hostname="DESKTOP-7SELM80" failures="0" tests="5" name="ledsak.DashboardTest" time="43.352" errors="0" timestamp="2025-06-05T15:34:32 IST" skipped="0">
  <testcase classname="ledsak.DashboardTest" name="notification" time="33.534"/>
  <testcase classname="ledsak.DashboardTest" name="dashboardCard" time="0.939"/>
  <testcase classname="ledsak.DashboardTest" name="followUpCard" time="2.447"/>
  <testcase classname="ledsak.DashboardTest" name="overdueTaskCard" time="2.316"/>
  <testcase classname="ledsak.DashboardTest" name="SwithcBranchList" time="4.116"/>
</testsuite> <!-- ledsak.DashboardTest -->
