<?xml version="1.0" encoding="UTF-8"?>
<!-- Generated by org.testng.reporters.JUnitReportReporter -->
<testsuite hostname="DESKTOP-7SELM80" failures="0" tests="3" name="website.HomeTest" time="11.136" errors="0" timestamp="2025-06-05T15:34:32 IST" skipped="0">
  <testcase classname="website.HomeTest" name="headerContent" time="2.559"/>
  <testcase classname="website.HomeTest" name="title" time="4.003"/>
  <testcase classname="website.HomeTest" name="contactOur" time="4.574"/>
</testsuite> <!-- website.HomeTest -->
