<?xml version="1.0" encoding="UTF-8"?>
<!-- Generated by org.testng.reporters.JUnitReportReporter -->
<testsuite hostname="DESKTOP-7SELM80" failures="0" tests="1" name="ledsak.DatefilterTest" time="19.776" errors="0" timestamp="2025-07-16T17:54:37 IST" skipped="0">
  <testcase classname="ledsak.DatefilterTest" name="dateFilterCheck" time="19.776"/>
</testsuite> <!-- ledsak.DatefilterTest -->
