<?xml version="1.0" encoding="UTF-8"?>
<!-- Generated by org.testng.reporters.JUnitReportReporter -->
<testsuite hostname="DESKTOP-7SELM80" failures="0" tests="3" name="ledsak.AllLeadTest" time="95.310" errors="0" timestamp="2025-07-16T17:54:37 IST" skipped="0">
  <testcase classname="ledsak.AllLeadTest" name="newLead" time="36.564"/>
  <testcase classname="ledsak.AllLeadTest" name="dateFilter" time="37.604"/>
  <testcase classname="ledsak.AllLeadTest" name="filterSelect" time="21.142"/>
</testsuite> <!-- ledsak.AllLeadTest -->
