<?xml version="1.0" encoding="UTF-8"?>
<!-- Generated by org.testng.reporters.JUnitReportReporter -->
<testsuite hostname="DESKTOP-7SELM80" failures="0" tests="3" name="website.HomeTest" time="11.899" errors="0" timestamp="2025-07-08T13:09:17 IST" skipped="0">
  <testcase classname="website.HomeTest" name="headerContent" time="2.818"/>
  <testcase classname="website.HomeTest" name="title" time="4.267"/>
  <testcase classname="website.HomeTest" name="contactOur" time="4.814"/>
</testsuite> <!-- website.HomeTest -->
