<?xml version="1.0" encoding="UTF-8"?>
<!-- Generated by org.testng.reporters.JUnitReportReporter -->
<testsuite hostname="DESKTOP-7SELM80" failures="0" tests="8" name="ledsak.SidebarTest" time="20.950" errors="0" timestamp="2025-07-08T11:13:55 IST" skipped="0">
  <testcase classname="ledsak.SidebarTest" name="leadManagement" time="6.066"/>
  <testcase classname="ledsak.SidebarTest" name="dealManagement" time="2.580"/>
  <testcase classname="ledsak.SidebarTest" name="opportunities" time="0.094"/>
  <testcase classname="ledsak.SidebarTest" name="automation" time="0.130"/>
  <testcase classname="ledsak.SidebarTest" name="integrations" time="1.357"/>
  <testcase classname="ledsak.SidebarTest" name="report" time="2.799"/>
  <testcase classname="ledsak.SidebarTest" name="staffManagement" time="5.157"/>
  <testcase classname="ledsak.SidebarTest" name="settings" time="2.767"/>
</testsuite> <!-- ledsak.SidebarTest -->
