<?xml version="1.0" encoding="UTF-8"?>
<!-- Generated by org.testng.reporters.JUnitReportReporter -->
<testsuite hostname="DESKTOP-7SELM80" failures="0" tests="1" name="ledsak.DatefilterTest" time="18.219" errors="0" timestamp="2025-06-03T12:32:15 IST" skipped="0">
  <testcase classname="ledsak.DatefilterTest" name="dateFilterCheck" time="18.219"/>
</testsuite> <!-- ledsak.DatefilterTest -->
