<?xml version="1.0" encoding="UTF-8"?>
<!-- Generated by org.testng.reporters.JUnitReportReporter -->
<testsuite hostname="DESKTOP-7SELM80" failures="0" tests="1" name="website.PricingTest" time="6.803" errors="0" timestamp="2025-06-03T12:32:15 IST" skipped="0">
  <testcase classname="website.PricingTest" name="priceBanner" time="6.803"/>
</testsuite> <!-- website.PricingTest -->
