<?xml version="1.0" encoding="UTF-8"?>
<!-- Generated by org.testng.reporters.JUnitReportReporter -->
<testsuite hostname="DESKTOP-7SELM80" failures="0" tests="3" name="ledsak.AllLeadTest" time="72.899" errors="0" timestamp="2025-06-05T15:34:32 IST" skipped="0">
  <testcase classname="ledsak.AllLeadTest" name="dateFilter" time="20.626"/>
  <testcase classname="ledsak.AllLeadTest" name="filterSelect" time="19.694"/>
  <testcase classname="ledsak.AllLeadTest" name="newLead" time="32.579"/>
</testsuite> <!-- ledsak.AllLeadTest -->
