<?xml version="1.0" encoding="UTF-8"?>
<!-- Generated by org.testng.reporters.JUnitReportReporter -->
<testsuite hostname="DESKTOP-7SELM80" failures="0" tests="3" name="website.HomeTest" time="22.311" errors="0" timestamp="2025-06-04T10:40:01 IST" skipped="0">
  <testcase classname="website.HomeTest" name="headerContent" time="4.683"/>
  <testcase classname="website.HomeTest" name="title" time="5.695"/>
  <testcase classname="website.HomeTest" name="contactOur" time="11.933"/>
</testsuite> <!-- website.HomeTest -->
