<?xml version="1.0" encoding="UTF-8"?>
<!-- Generated by org.testng.reporters.JUnitReportReporter -->
<testsuite hostname="DESKTOP-7SELM80" failures="0" tests="5" name="ledsak.DashboardTest" time="43.575" errors="0" timestamp="2025-06-03T12:32:15 IST" skipped="0">
  <testcase classname="ledsak.DashboardTest" name="notification" time="33.718"/>
  <testcase classname="ledsak.DashboardTest" name="dashboardCard" time="1.593"/>
  <testcase classname="ledsak.DashboardTest" name="followUpCard" time="1.881"/>
  <testcase classname="ledsak.DashboardTest" name="overdueTaskCard" time="2.281"/>
  <testcase classname="ledsak.DashboardTest" name="SwithcBranchList" time="4.102"/>
</testsuite> <!-- ledsak.DashboardTest -->
