<?xml version="1.0" encoding="UTF-8"?>
<!-- Generated by org.testng.reporters.JUnitReportReporter -->
<testsuite hostname="DESKTOP-7SELM80" failures="0" tests="8" name="ledsak.SidebarTest" time="19.756" errors="0" timestamp="2025-07-08T13:09:17 IST" skipped="0">
  <testcase classname="ledsak.SidebarTest" name="leadManagement" time="5.428"/>
  <testcase classname="ledsak.SidebarTest" name="dealManagement" time="2.757"/>
  <testcase classname="ledsak.SidebarTest" name="opportunities" time="0.083"/>
  <testcase classname="ledsak.SidebarTest" name="automation" time="0.125"/>
  <testcase classname="ledsak.SidebarTest" name="integrations" time="1.196"/>
  <testcase classname="ledsak.SidebarTest" name="report" time="2.306"/>
  <testcase classname="ledsak.SidebarTest" name="staffManagement" time="4.783"/>
  <testcase classname="ledsak.SidebarTest" name="settings" time="3.078"/>
</testsuite> <!-- ledsak.SidebarTest -->
