<?xml version="1.0" encoding="UTF-8"?>
<!-- Generated by org.testng.reporters.JUnitReportReporter -->
<testsuite hostname="DESKTOP-7SELM80" failures="0" tests="3" name="ledsak.AllLeadTest" time="80.058" errors="0" timestamp="2025-07-08T11:13:55 IST" skipped="0">
  <testcase classname="ledsak.AllLeadTest" name="filterSelect" time="19.919"/>
  <testcase classname="ledsak.AllLeadTest" name="newLead" time="33.318"/>
  <testcase classname="ledsak.AllLeadTest" name="dateFilter" time="26.821"/>
</testsuite> <!-- ledsak.AllLeadTest -->
